The system is: Linux - 3.9.4-200.fc18.x86_64 - x86_64
Compiling the C compiler identification source file "CMakeCCompilerId.c" succeeded.
Compiler: /usr/bin/gcc 
Build flags: 
Id flags: 

The output was:
0


Compilation of the C compiler identification source "CMakeCCompilerId.c" produced "a.out"

The C compiler identification is GNU, found in "/home/romain/Dropbox/Perso/Mandelbrot_test/build/CMakeFiles/2.8.11/CompilerIdC/a.out"

Compiling the CXX compiler identification source file "CMakeCXXCompilerId.cpp" succeeded.
Compiler: /usr/bin/g++ 
Build flags: 
Id flags: 

The output was:
0


Compilation of the CXX compiler identification source "CMakeCXXCompilerId.cpp" produced "a.out"

The CXX compiler identification is GNU, found in "/home/romain/Dropbox/Perso/Mandelbrot_test/build/CMakeFiles/2.8.11/CompilerIdCXX/a.out"

Determining if the C compiler works passed with the following output:
Change Dir: /home/romain/Dropbox/Perso/Mandelbrot_test/build/CMakeFiles/CMakeTmp

Run Build Command:/usr/bin/gmake "cmTryCompileExec34229708/fast"
/usr/bin/gmake -f CMakeFiles/cmTryCompileExec34229708.dir/build.make CMakeFiles/cmTryCompileExec34229708.dir/build
gmake[1]: Entering directory `/home/romain/Dropbox/Perso/Mandelbrot_test/build/CMakeFiles/CMakeTmp'
/usr/bin/cmake -E cmake_progress_report /home/romain/Dropbox/Perso/Mandelbrot_test/build/CMakeFiles/CMakeTmp/CMakeFiles 1
Building C object CMakeFiles/cmTryCompileExec34229708.dir/testCCompiler.c.o
/usr/bin/gcc    -o CMakeFiles/cmTryCompileExec34229708.dir/testCCompiler.c.o   -c /home/romain/Dropbox/Perso/Mandelbrot_test/build/CMakeFiles/CMakeTmp/testCCompiler.c
Linking C executable cmTryCompileExec34229708
/usr/bin/cmake -E cmake_link_script CMakeFiles/cmTryCompileExec34229708.dir/link.txt --verbose=1
/usr/bin/gcc         CMakeFiles/cmTryCompileExec34229708.dir/testCCompiler.c.o  -o cmTryCompileExec34229708 -rdynamic 
gmake[1]: Leaving directory `/home/romain/Dropbox/Perso/Mandelbrot_test/build/CMakeFiles/CMakeTmp'


Detecting C compiler ABI info compiled with the following output:
Change Dir: /home/romain/Dropbox/Perso/Mandelbrot_test/build/CMakeFiles/CMakeTmp

Run Build Command:/usr/bin/gmake "cmTryCompileExec737105731/fast"
/usr/bin/gmake -f CMakeFiles/cmTryCompileExec737105731.dir/build.make CMakeFiles/cmTryCompileExec737105731.dir/build
gmake[1]: Entering directory `/home/romain/Dropbox/Perso/Mandelbrot_test/build/CMakeFiles/CMakeTmp'
/usr/bin/cmake -E cmake_progress_report /home/romain/Dropbox/Perso/Mandelbrot_test/build/CMakeFiles/CMakeTmp/CMakeFiles 1
Building C object CMakeFiles/cmTryCompileExec737105731.dir/CMakeCCompilerABI.c.o
/usr/bin/gcc    -o CMakeFiles/cmTryCompileExec737105731.dir/CMakeCCompilerABI.c.o   -c /usr/share/cmake/Modules/CMakeCCompilerABI.c
Linking C executable cmTryCompileExec737105731
/usr/bin/cmake -E cmake_link_script CMakeFiles/cmTryCompileExec737105731.dir/link.txt --verbose=1
/usr/bin/gcc       -v CMakeFiles/cmTryCompileExec737105731.dir/CMakeCCompilerABI.c.o  -o cmTryCompileExec737105731 -rdynamic  
Using built-in specs.
COLLECT_GCC=/usr/bin/gcc
COLLECT_LTO_WRAPPER=/usr/libexec/gcc/x86_64-redhat-linux/4.7.2/lto-wrapper
Target: x86_64-redhat-linux
Configured with: ../configure --prefix=/usr --mandir=/usr/share/man --infodir=/usr/share/info --with-bugurl=http://bugzilla.redhat.com/bugzilla --enable-bootstrap --enable-shared --enable-threads=posix --enable-checking=release --disable-build-with-cxx --disable-build-poststage1-with-cxx --with-system-zlib --enable-__cxa_atexit --disable-libunwind-exceptions --enable-gnu-unique-object --enable-linker-build-id --with-linker-hash-style=gnu --enable-languages=c,c++,objc,obj-c++,java,fortran,ada,go,lto --enable-plugin --enable-initfini-array --enable-java-awt=gtk --disable-dssi --with-java-home=/usr/lib/jvm/java-1.5.0-gcj-1.5.0.0/jre --enable-libgcj-multifile --enable-java-maintainer-mode --with-ecj-jar=/usr/share/java/eclipse-ecj.jar --disable-libjava-multilib --with-ppl --with-cloog --with-tune=generic --with-arch_32=i686 --build=x86_64-redhat-linux
Thread model: posix
gcc version 4.7.2 20121109 (Red Hat 4.7.2-8) (GCC) 
COMPILER_PATH=/usr/libexec/gcc/x86_64-redhat-linux/4.7.2/:/usr/libexec/gcc/x86_64-redhat-linux/4.7.2/:/usr/libexec/gcc/x86_64-redhat-linux/:/usr/lib/gcc/x86_64-redhat-linux/4.7.2/:/usr/lib/gcc/x86_64-redhat-linux/
LIBRARY_PATH=/usr/lib/gcc/x86_64-redhat-linux/4.7.2/:/usr/lib/gcc/x86_64-redhat-linux/4.7.2/../../../../lib64/:/lib/../lib64/:/usr/lib/../lib64/:/opt/intel/composer_xe_2013.2.146/compiler/lib/intel64/:/opt/intel/composer_xe_2013.2.146/ipp/../compiler/lib/intel64/:/opt/intel/composer_xe_2013.2.146/ipp/lib/intel64/:/opt/intel/composer_xe_2013.2.146/compiler/lib/intel64/:/opt/intel/composer_xe_2013.2.146/mkl/lib/intel64/:/opt/intel/composer_xe_2013.2.146/tbb/lib/intel64/:/usr/lib/gcc/x86_64-redhat-linux/4.7.2/../../../:/lib/:/usr/lib/
COLLECT_GCC_OPTIONS='-v' '-o' 'cmTryCompileExec737105731' '-rdynamic' '-mtune=generic' '-march=x86-64'
 /usr/libexec/gcc/x86_64-redhat-linux/4.7.2/collect2 --build-id --no-add-needed --eh-frame-hdr --hash-style=gnu -m elf_x86_64 -export-dynamic -dynamic-linker /lib64/ld-linux-x86-64.so.2 -o cmTryCompileExec737105731 /usr/lib/gcc/x86_64-redhat-linux/4.7.2/../../../../lib64/crt1.o /usr/lib/gcc/x86_64-redhat-linux/4.7.2/../../../../lib64/crti.o /usr/lib/gcc/x86_64-redhat-linux/4.7.2/crtbegin.o -L/usr/lib/gcc/x86_64-redhat-linux/4.7.2 -L/usr/lib/gcc/x86_64-redhat-linux/4.7.2/../../../../lib64 -L/lib/../lib64 -L/usr/lib/../lib64 -L/opt/intel/composer_xe_2013.2.146/compiler/lib/intel64 -L/opt/intel/composer_xe_2013.2.146/ipp/../compiler/lib/intel64 -L/opt/intel/composer_xe_2013.2.146/ipp/lib/intel64 -L/opt/intel/composer_xe_2013.2.146/compiler/lib/intel64 -L/opt/intel/composer_xe_2013.2.146/mkl/lib/intel64 -L/opt/intel/composer_xe_2013.2.146/tbb/lib/intel64 -L/usr/lib/gcc/x86_64-redhat-linux/4.7.2/../../.. CMakeFiles/cmTryCompileExec737105731.dir/CMakeCCompilerABI.c.o -lgcc --as-needed -lgcc_s --no-as-needed -lc -lgcc --as-needed -lgcc_s --no-as-needed /usr/lib/gcc/x86_64-redhat-linux/4.7.2/crtend.o /usr/lib/gcc/x86_64-redhat-linux/4.7.2/../../../../lib64/crtn.o
gmake[1]: Leaving directory `/home/romain/Dropbox/Perso/Mandelbrot_test/build/CMakeFiles/CMakeTmp'


Parsed C implicit link information from above output:
  link line regex: [^( *|.*[/\])(ld|ld|collect2)[^/\]*( |$)]
  ignore line: [Change Dir: /home/romain/Dropbox/Perso/Mandelbrot_test/build/CMakeFiles/CMakeTmp]
  ignore line: []
  ignore line: [Run Build Command:/usr/bin/gmake "cmTryCompileExec737105731/fast"]
  ignore line: [/usr/bin/gmake -f CMakeFiles/cmTryCompileExec737105731.dir/build.make CMakeFiles/cmTryCompileExec737105731.dir/build]
  ignore line: [gmake[1]: Entering directory `/home/romain/Dropbox/Perso/Mandelbrot_test/build/CMakeFiles/CMakeTmp']
  ignore line: [/usr/bin/cmake -E cmake_progress_report /home/romain/Dropbox/Perso/Mandelbrot_test/build/CMakeFiles/CMakeTmp/CMakeFiles 1]
  ignore line: [Building C object CMakeFiles/cmTryCompileExec737105731.dir/CMakeCCompilerABI.c.o]
  ignore line: [/usr/bin/gcc    -o CMakeFiles/cmTryCompileExec737105731.dir/CMakeCCompilerABI.c.o   -c /usr/share/cmake/Modules/CMakeCCompilerABI.c]
  ignore line: [Linking C executable cmTryCompileExec737105731]
  ignore line: [/usr/bin/cmake -E cmake_link_script CMakeFiles/cmTryCompileExec737105731.dir/link.txt --verbose=1]
  ignore line: [/usr/bin/gcc       -v CMakeFiles/cmTryCompileExec737105731.dir/CMakeCCompilerABI.c.o  -o cmTryCompileExec737105731 -rdynamic  ]
  ignore line: [Using built-in specs.]
  ignore line: [COLLECT_GCC=/usr/bin/gcc]
  ignore line: [COLLECT_LTO_WRAPPER=/usr/libexec/gcc/x86_64-redhat-linux/4.7.2/lto-wrapper]
  ignore line: [Target: x86_64-redhat-linux]
  ignore line: [Configured with: ../configure --prefix=/usr --mandir=/usr/share/man --infodir=/usr/share/info --with-bugurl=http://bugzilla.redhat.com/bugzilla --enable-bootstrap --enable-shared --enable-threads=posix --enable-checking=release --disable-build-with-cxx --disable-build-poststage1-with-cxx --with-system-zlib --enable-__cxa_atexit --disable-libunwind-exceptions --enable-gnu-unique-object --enable-linker-build-id --with-linker-hash-style=gnu --enable-languages=c,c++,objc,obj-c++,java,fortran,ada,go,lto --enable-plugin --enable-initfini-array --enable-java-awt=gtk --disable-dssi --with-java-home=/usr/lib/jvm/java-1.5.0-gcj-1.5.0.0/jre --enable-libgcj-multifile --enable-java-maintainer-mode --with-ecj-jar=/usr/share/java/eclipse-ecj.jar --disable-libjava-multilib --with-ppl --with-cloog --with-tune=generic --with-arch_32=i686 --build=x86_64-redhat-linux]
  ignore line: [Thread model: posix]
  ignore line: [gcc version 4.7.2 20121109 (Red Hat 4.7.2-8) (GCC) ]
  ignore line: [COMPILER_PATH=/usr/libexec/gcc/x86_64-redhat-linux/4.7.2/:/usr/libexec/gcc/x86_64-redhat-linux/4.7.2/:/usr/libexec/gcc/x86_64-redhat-linux/:/usr/lib/gcc/x86_64-redhat-linux/4.7.2/:/usr/lib/gcc/x86_64-redhat-linux/]
  ignore line: [LIBRARY_PATH=/usr/lib/gcc/x86_64-redhat-linux/4.7.2/:/usr/lib/gcc/x86_64-redhat-linux/4.7.2/../../../../lib64/:/lib/../lib64/:/usr/lib/../lib64/:/opt/intel/composer_xe_2013.2.146/compiler/lib/intel64/:/opt/intel/composer_xe_2013.2.146/ipp/../compiler/lib/intel64/:/opt/intel/composer_xe_2013.2.146/ipp/lib/intel64/:/opt/intel/composer_xe_2013.2.146/compiler/lib/intel64/:/opt/intel/composer_xe_2013.2.146/mkl/lib/intel64/:/opt/intel/composer_xe_2013.2.146/tbb/lib/intel64/:/usr/lib/gcc/x86_64-redhat-linux/4.7.2/../../../:/lib/:/usr/lib/]
  ignore line: [COLLECT_GCC_OPTIONS='-v' '-o' 'cmTryCompileExec737105731' '-rdynamic' '-mtune=generic' '-march=x86-64']
  link line: [ /usr/libexec/gcc/x86_64-redhat-linux/4.7.2/collect2 --build-id --no-add-needed --eh-frame-hdr --hash-style=gnu -m elf_x86_64 -export-dynamic -dynamic-linker /lib64/ld-linux-x86-64.so.2 -o cmTryCompileExec737105731 /usr/lib/gcc/x86_64-redhat-linux/4.7.2/../../../../lib64/crt1.o /usr/lib/gcc/x86_64-redhat-linux/4.7.2/../../../../lib64/crti.o /usr/lib/gcc/x86_64-redhat-linux/4.7.2/crtbegin.o -L/usr/lib/gcc/x86_64-redhat-linux/4.7.2 -L/usr/lib/gcc/x86_64-redhat-linux/4.7.2/../../../../lib64 -L/lib/../lib64 -L/usr/lib/../lib64 -L/opt/intel/composer_xe_2013.2.146/compiler/lib/intel64 -L/opt/intel/composer_xe_2013.2.146/ipp/../compiler/lib/intel64 -L/opt/intel/composer_xe_2013.2.146/ipp/lib/intel64 -L/opt/intel/composer_xe_2013.2.146/compiler/lib/intel64 -L/opt/intel/composer_xe_2013.2.146/mkl/lib/intel64 -L/opt/intel/composer_xe_2013.2.146/tbb/lib/intel64 -L/usr/lib/gcc/x86_64-redhat-linux/4.7.2/../../.. CMakeFiles/cmTryCompileExec737105731.dir/CMakeCCompilerABI.c.o -lgcc --as-needed -lgcc_s --no-as-needed -lc -lgcc --as-needed -lgcc_s --no-as-needed /usr/lib/gcc/x86_64-redhat-linux/4.7.2/crtend.o /usr/lib/gcc/x86_64-redhat-linux/4.7.2/../../../../lib64/crtn.o]
    arg [/usr/libexec/gcc/x86_64-redhat-linux/4.7.2/collect2] ==> ignore
    arg [--build-id] ==> ignore
    arg [--no-add-needed] ==> ignore
    arg [--eh-frame-hdr] ==> ignore
    arg [--hash-style=gnu] ==> ignore
    arg [-m] ==> ignore
    arg [elf_x86_64] ==> ignore
    arg [-export-dynamic] ==> ignore
    arg [-dynamic-linker] ==> ignore
    arg [/lib64/ld-linux-x86-64.so.2] ==> ignore
    arg [-o] ==> ignore
    arg [cmTryCompileExec737105731] ==> ignore
    arg [/usr/lib/gcc/x86_64-redhat-linux/4.7.2/../../../../lib64/crt1.o] ==> ignore
    arg [/usr/lib/gcc/x86_64-redhat-linux/4.7.2/../../../../lib64/crti.o] ==> ignore
    arg [/usr/lib/gcc/x86_64-redhat-linux/4.7.2/crtbegin.o] ==> ignore
    arg [-L/usr/lib/gcc/x86_64-redhat-linux/4.7.2] ==> dir [/usr/lib/gcc/x86_64-redhat-linux/4.7.2]
    arg [-L/usr/lib/gcc/x86_64-redhat-linux/4.7.2/../../../../lib64] ==> dir [/usr/lib/gcc/x86_64-redhat-linux/4.7.2/../../../../lib64]
    arg [-L/lib/../lib64] ==> dir [/lib/../lib64]
    arg [-L/usr/lib/../lib64] ==> dir [/usr/lib/../lib64]
    arg [-L/opt/intel/composer_xe_2013.2.146/compiler/lib/intel64] ==> dir [/opt/intel/composer_xe_2013.2.146/compiler/lib/intel64]
    arg [-L/opt/intel/composer_xe_2013.2.146/ipp/../compiler/lib/intel64] ==> dir [/opt/intel/composer_xe_2013.2.146/ipp/../compiler/lib/intel64]
    arg [-L/opt/intel/composer_xe_2013.2.146/ipp/lib/intel64] ==> dir [/opt/intel/composer_xe_2013.2.146/ipp/lib/intel64]
    arg [-L/opt/intel/composer_xe_2013.2.146/compiler/lib/intel64] ==> dir [/opt/intel/composer_xe_2013.2.146/compiler/lib/intel64]
    arg [-L/opt/intel/composer_xe_2013.2.146/mkl/lib/intel64] ==> dir [/opt/intel/composer_xe_2013.2.146/mkl/lib/intel64]
    arg [-L/opt/intel/composer_xe_2013.2.146/tbb/lib/intel64] ==> dir [/opt/intel/composer_xe_2013.2.146/tbb/lib/intel64]
    arg [-L/usr/lib/gcc/x86_64-redhat-linux/4.7.2/../../..] ==> dir [/usr/lib/gcc/x86_64-redhat-linux/4.7.2/../../..]
    arg [CMakeFiles/cmTryCompileExec737105731.dir/CMakeCCompilerABI.c.o] ==> ignore
    arg [-lgcc] ==> lib [gcc]
    arg [--as-needed] ==> ignore
    arg [-lgcc_s] ==> lib [gcc_s]
    arg [--no-as-needed] ==> ignore
    arg [-lc] ==> lib [c]
    arg [-lgcc] ==> lib [gcc]
    arg [--as-needed] ==> ignore
    arg [-lgcc_s] ==> lib [gcc_s]
    arg [--no-as-needed] ==> ignore
    arg [/usr/lib/gcc/x86_64-redhat-linux/4.7.2/crtend.o] ==> ignore
    arg [/usr/lib/gcc/x86_64-redhat-linux/4.7.2/../../../../lib64/crtn.o] ==> ignore
  remove lib [gcc]
  remove lib [gcc_s]
  remove lib [gcc]
  remove lib [gcc_s]
  collapse library dir [/usr/lib/gcc/x86_64-redhat-linux/4.7.2] ==> [/usr/lib/gcc/x86_64-redhat-linux/4.7.2]
  collapse library dir [/usr/lib/gcc/x86_64-redhat-linux/4.7.2/../../../../lib64] ==> [/usr/lib64]
  collapse library dir [/lib/../lib64] ==> [/lib64]
  collapse library dir [/usr/lib/../lib64] ==> [/usr/lib64]
  collapse library dir [/opt/intel/composer_xe_2013.2.146/compiler/lib/intel64] ==> [/opt/intel/composer_xe_2013.2.146/compiler/lib/intel64]
  collapse library dir [/opt/intel/composer_xe_2013.2.146/ipp/../compiler/lib/intel64] ==> [/opt/intel/composer_xe_2013.2.146/compiler/lib/intel64]
  collapse library dir [/opt/intel/composer_xe_2013.2.146/ipp/lib/intel64] ==> [/opt/intel/composer_xe_2013.2.146/ipp/lib/intel64]
  collapse library dir [/opt/intel/composer_xe_2013.2.146/compiler/lib/intel64] ==> [/opt/intel/composer_xe_2013.2.146/compiler/lib/intel64]
  collapse library dir [/opt/intel/composer_xe_2013.2.146/mkl/lib/intel64] ==> [/opt/intel/composer_xe_2013.2.146/mkl/lib/intel64]
  collapse library dir [/opt/intel/composer_xe_2013.2.146/tbb/lib/intel64] ==> [/opt/intel/composer_xe_2013.2.146/tbb/lib/intel64]
  collapse library dir [/usr/lib/gcc/x86_64-redhat-linux/4.7.2/../../..] ==> [/usr/lib]
  implicit libs: [c]
  implicit dirs: [/usr/lib/gcc/x86_64-redhat-linux/4.7.2;/usr/lib64;/lib64;/opt/intel/composer_xe_2013.2.146/compiler/lib/intel64;/opt/intel/composer_xe_2013.2.146/ipp/lib/intel64;/opt/intel/composer_xe_2013.2.146/mkl/lib/intel64;/opt/intel/composer_xe_2013.2.146/tbb/lib/intel64;/usr/lib]
  implicit fwks: []


Determining if the CXX compiler works passed with the following output:
Change Dir: /home/romain/Dropbox/Perso/Mandelbrot_test/build/CMakeFiles/CMakeTmp

Run Build Command:/usr/bin/gmake "cmTryCompileExec741152238/fast"
/usr/bin/gmake -f CMakeFiles/cmTryCompileExec741152238.dir/build.make CMakeFiles/cmTryCompileExec741152238.dir/build
gmake[1]: Entering directory `/home/romain/Dropbox/Perso/Mandelbrot_test/build/CMakeFiles/CMakeTmp'
/usr/bin/cmake -E cmake_progress_report /home/romain/Dropbox/Perso/Mandelbrot_test/build/CMakeFiles/CMakeTmp/CMakeFiles 1
Building CXX object CMakeFiles/cmTryCompileExec741152238.dir/testCXXCompiler.cxx.o
/usr/bin/g++     -o CMakeFiles/cmTryCompileExec741152238.dir/testCXXCompiler.cxx.o -c /home/romain/Dropbox/Perso/Mandelbrot_test/build/CMakeFiles/CMakeTmp/testCXXCompiler.cxx
Linking CXX executable cmTryCompileExec741152238
/usr/bin/cmake -E cmake_link_script CMakeFiles/cmTryCompileExec741152238.dir/link.txt --verbose=1
/usr/bin/g++          CMakeFiles/cmTryCompileExec741152238.dir/testCXXCompiler.cxx.o  -o cmTryCompileExec741152238 -rdynamic 
gmake[1]: Leaving directory `/home/romain/Dropbox/Perso/Mandelbrot_test/build/CMakeFiles/CMakeTmp'


Detecting CXX compiler ABI info compiled with the following output:
Change Dir: /home/romain/Dropbox/Perso/Mandelbrot_test/build/CMakeFiles/CMakeTmp

Run Build Command:/usr/bin/gmake "cmTryCompileExec136523565/fast"
/usr/bin/gmake -f CMakeFiles/cmTryCompileExec136523565.dir/build.make CMakeFiles/cmTryCompileExec136523565.dir/build
gmake[1]: Entering directory `/home/romain/Dropbox/Perso/Mandelbrot_test/build/CMakeFiles/CMakeTmp'
/usr/bin/cmake -E cmake_progress_report /home/romain/Dropbox/Perso/Mandelbrot_test/build/CMakeFiles/CMakeTmp/CMakeFiles 1
Building CXX object CMakeFiles/cmTryCompileExec136523565.dir/CMakeCXXCompilerABI.cpp.o
/usr/bin/g++     -o CMakeFiles/cmTryCompileExec136523565.dir/CMakeCXXCompilerABI.cpp.o -c /usr/share/cmake/Modules/CMakeCXXCompilerABI.cpp
Linking CXX executable cmTryCompileExec136523565
/usr/bin/cmake -E cmake_link_script CMakeFiles/cmTryCompileExec136523565.dir/link.txt --verbose=1
/usr/bin/g++        -v CMakeFiles/cmTryCompileExec136523565.dir/CMakeCXXCompilerABI.cpp.o  -o cmTryCompileExec136523565 -rdynamic  
Using built-in specs.
COLLECT_GCC=/usr/bin/g++
COLLECT_LTO_WRAPPER=/usr/libexec/gcc/x86_64-redhat-linux/4.7.2/lto-wrapper
Target: x86_64-redhat-linux
Configured with: ../configure --prefix=/usr --mandir=/usr/share/man --infodir=/usr/share/info --with-bugurl=http://bugzilla.redhat.com/bugzilla --enable-bootstrap --enable-shared --enable-threads=posix --enable-checking=release --disable-build-with-cxx --disable-build-poststage1-with-cxx --with-system-zlib --enable-__cxa_atexit --disable-libunwind-exceptions --enable-gnu-unique-object --enable-linker-build-id --with-linker-hash-style=gnu --enable-languages=c,c++,objc,obj-c++,java,fortran,ada,go,lto --enable-plugin --enable-initfini-array --enable-java-awt=gtk --disable-dssi --with-java-home=/usr/lib/jvm/java-1.5.0-gcj-1.5.0.0/jre --enable-libgcj-multifile --enable-java-maintainer-mode --with-ecj-jar=/usr/share/java/eclipse-ecj.jar --disable-libjava-multilib --with-ppl --with-cloog --with-tune=generic --with-arch_32=i686 --build=x86_64-redhat-linux
Thread model: posix
gcc version 4.7.2 20121109 (Red Hat 4.7.2-8) (GCC) 
COMPILER_PATH=/usr/libexec/gcc/x86_64-redhat-linux/4.7.2/:/usr/libexec/gcc/x86_64-redhat-linux/4.7.2/:/usr/libexec/gcc/x86_64-redhat-linux/:/usr/lib/gcc/x86_64-redhat-linux/4.7.2/:/usr/lib/gcc/x86_64-redhat-linux/
LIBRARY_PATH=/usr/lib/gcc/x86_64-redhat-linux/4.7.2/:/usr/lib/gcc/x86_64-redhat-linux/4.7.2/../../../../lib64/:/lib/../lib64/:/usr/lib/../lib64/:/opt/intel/composer_xe_2013.2.146/compiler/lib/intel64/:/opt/intel/composer_xe_2013.2.146/ipp/../compiler/lib/intel64/:/opt/intel/composer_xe_2013.2.146/ipp/lib/intel64/:/opt/intel/composer_xe_2013.2.146/compiler/lib/intel64/:/opt/intel/composer_xe_2013.2.146/mkl/lib/intel64/:/opt/intel/composer_xe_2013.2.146/tbb/lib/intel64/:/usr/lib/gcc/x86_64-redhat-linux/4.7.2/../../../:/lib/:/usr/lib/
COLLECT_GCC_OPTIONS='-v' '-o' 'cmTryCompileExec136523565' '-rdynamic' '-shared-libgcc' '-mtune=generic' '-march=x86-64'
 /usr/libexec/gcc/x86_64-redhat-linux/4.7.2/collect2 --build-id --no-add-needed --eh-frame-hdr --hash-style=gnu -m elf_x86_64 -export-dynamic -dynamic-linker /lib64/ld-linux-x86-64.so.2 -o cmTryCompileExec136523565 /usr/lib/gcc/x86_64-redhat-linux/4.7.2/../../../../lib64/crt1.o /usr/lib/gcc/x86_64-redhat-linux/4.7.2/../../../../lib64/crti.o /usr/lib/gcc/x86_64-redhat-linux/4.7.2/crtbegin.o -L/usr/lib/gcc/x86_64-redhat-linux/4.7.2 -L/usr/lib/gcc/x86_64-redhat-linux/4.7.2/../../../../lib64 -L/lib/../lib64 -L/usr/lib/../lib64 -L/opt/intel/composer_xe_2013.2.146/compiler/lib/intel64 -L/opt/intel/composer_xe_2013.2.146/ipp/../compiler/lib/intel64 -L/opt/intel/composer_xe_2013.2.146/ipp/lib/intel64 -L/opt/intel/composer_xe_2013.2.146/compiler/lib/intel64 -L/opt/intel/composer_xe_2013.2.146/mkl/lib/intel64 -L/opt/intel/composer_xe_2013.2.146/tbb/lib/intel64 -L/usr/lib/gcc/x86_64-redhat-linux/4.7.2/../../.. CMakeFiles/cmTryCompileExec136523565.dir/CMakeCXXCompilerABI.cpp.o -lstdc++ -lm -lgcc_s -lgcc -lc -lgcc_s -lgcc /usr/lib/gcc/x86_64-redhat-linux/4.7.2/crtend.o /usr/lib/gcc/x86_64-redhat-linux/4.7.2/../../../../lib64/crtn.o
gmake[1]: Leaving directory `/home/romain/Dropbox/Perso/Mandelbrot_test/build/CMakeFiles/CMakeTmp'


Parsed CXX implicit link information from above output:
  link line regex: [^( *|.*[/\])(ld|ld|collect2)[^/\]*( |$)]
  ignore line: [Change Dir: /home/romain/Dropbox/Perso/Mandelbrot_test/build/CMakeFiles/CMakeTmp]
  ignore line: []
  ignore line: [Run Build Command:/usr/bin/gmake "cmTryCompileExec136523565/fast"]
  ignore line: [/usr/bin/gmake -f CMakeFiles/cmTryCompileExec136523565.dir/build.make CMakeFiles/cmTryCompileExec136523565.dir/build]
  ignore line: [gmake[1]: Entering directory `/home/romain/Dropbox/Perso/Mandelbrot_test/build/CMakeFiles/CMakeTmp']
  ignore line: [/usr/bin/cmake -E cmake_progress_report /home/romain/Dropbox/Perso/Mandelbrot_test/build/CMakeFiles/CMakeTmp/CMakeFiles 1]
  ignore line: [Building CXX object CMakeFiles/cmTryCompileExec136523565.dir/CMakeCXXCompilerABI.cpp.o]
  ignore line: [/usr/bin/g++     -o CMakeFiles/cmTryCompileExec136523565.dir/CMakeCXXCompilerABI.cpp.o -c /usr/share/cmake/Modules/CMakeCXXCompilerABI.cpp]
  ignore line: [Linking CXX executable cmTryCompileExec136523565]
  ignore line: [/usr/bin/cmake -E cmake_link_script CMakeFiles/cmTryCompileExec136523565.dir/link.txt --verbose=1]
  ignore line: [/usr/bin/g++        -v CMakeFiles/cmTryCompileExec136523565.dir/CMakeCXXCompilerABI.cpp.o  -o cmTryCompileExec136523565 -rdynamic  ]
  ignore line: [Using built-in specs.]
  ignore line: [COLLECT_GCC=/usr/bin/g++]
  ignore line: [COLLECT_LTO_WRAPPER=/usr/libexec/gcc/x86_64-redhat-linux/4.7.2/lto-wrapper]
  ignore line: [Target: x86_64-redhat-linux]
  ignore line: [Configured with: ../configure --prefix=/usr --mandir=/usr/share/man --infodir=/usr/share/info --with-bugurl=http://bugzilla.redhat.com/bugzilla --enable-bootstrap --enable-shared --enable-threads=posix --enable-checking=release --disable-build-with-cxx --disable-build-poststage1-with-cxx --with-system-zlib --enable-__cxa_atexit --disable-libunwind-exceptions --enable-gnu-unique-object --enable-linker-build-id --with-linker-hash-style=gnu --enable-languages=c,c++,objc,obj-c++,java,fortran,ada,go,lto --enable-plugin --enable-initfini-array --enable-java-awt=gtk --disable-dssi --with-java-home=/usr/lib/jvm/java-1.5.0-gcj-1.5.0.0/jre --enable-libgcj-multifile --enable-java-maintainer-mode --with-ecj-jar=/usr/share/java/eclipse-ecj.jar --disable-libjava-multilib --with-ppl --with-cloog --with-tune=generic --with-arch_32=i686 --build=x86_64-redhat-linux]
  ignore line: [Thread model: posix]
  ignore line: [gcc version 4.7.2 20121109 (Red Hat 4.7.2-8) (GCC) ]
  ignore line: [COMPILER_PATH=/usr/libexec/gcc/x86_64-redhat-linux/4.7.2/:/usr/libexec/gcc/x86_64-redhat-linux/4.7.2/:/usr/libexec/gcc/x86_64-redhat-linux/:/usr/lib/gcc/x86_64-redhat-linux/4.7.2/:/usr/lib/gcc/x86_64-redhat-linux/]
  ignore line: [LIBRARY_PATH=/usr/lib/gcc/x86_64-redhat-linux/4.7.2/:/usr/lib/gcc/x86_64-redhat-linux/4.7.2/../../../../lib64/:/lib/../lib64/:/usr/lib/../lib64/:/opt/intel/composer_xe_2013.2.146/compiler/lib/intel64/:/opt/intel/composer_xe_2013.2.146/ipp/../compiler/lib/intel64/:/opt/intel/composer_xe_2013.2.146/ipp/lib/intel64/:/opt/intel/composer_xe_2013.2.146/compiler/lib/intel64/:/opt/intel/composer_xe_2013.2.146/mkl/lib/intel64/:/opt/intel/composer_xe_2013.2.146/tbb/lib/intel64/:/usr/lib/gcc/x86_64-redhat-linux/4.7.2/../../../:/lib/:/usr/lib/]
  ignore line: [COLLECT_GCC_OPTIONS='-v' '-o' 'cmTryCompileExec136523565' '-rdynamic' '-shared-libgcc' '-mtune=generic' '-march=x86-64']
  link line: [ /usr/libexec/gcc/x86_64-redhat-linux/4.7.2/collect2 --build-id --no-add-needed --eh-frame-hdr --hash-style=gnu -m elf_x86_64 -export-dynamic -dynamic-linker /lib64/ld-linux-x86-64.so.2 -o cmTryCompileExec136523565 /usr/lib/gcc/x86_64-redhat-linux/4.7.2/../../../../lib64/crt1.o /usr/lib/gcc/x86_64-redhat-linux/4.7.2/../../../../lib64/crti.o /usr/lib/gcc/x86_64-redhat-linux/4.7.2/crtbegin.o -L/usr/lib/gcc/x86_64-redhat-linux/4.7.2 -L/usr/lib/gcc/x86_64-redhat-linux/4.7.2/../../../../lib64 -L/lib/../lib64 -L/usr/lib/../lib64 -L/opt/intel/composer_xe_2013.2.146/compiler/lib/intel64 -L/opt/intel/composer_xe_2013.2.146/ipp/../compiler/lib/intel64 -L/opt/intel/composer_xe_2013.2.146/ipp/lib/intel64 -L/opt/intel/composer_xe_2013.2.146/compiler/lib/intel64 -L/opt/intel/composer_xe_2013.2.146/mkl/lib/intel64 -L/opt/intel/composer_xe_2013.2.146/tbb/lib/intel64 -L/usr/lib/gcc/x86_64-redhat-linux/4.7.2/../../.. CMakeFiles/cmTryCompileExec136523565.dir/CMakeCXXCompilerABI.cpp.o -lstdc++ -lm -lgcc_s -lgcc -lc -lgcc_s -lgcc /usr/lib/gcc/x86_64-redhat-linux/4.7.2/crtend.o /usr/lib/gcc/x86_64-redhat-linux/4.7.2/../../../../lib64/crtn.o]
    arg [/usr/libexec/gcc/x86_64-redhat-linux/4.7.2/collect2] ==> ignore
    arg [--build-id] ==> ignore
    arg [--no-add-needed] ==> ignore
    arg [--eh-frame-hdr] ==> ignore
    arg [--hash-style=gnu] ==> ignore
    arg [-m] ==> ignore
    arg [elf_x86_64] ==> ignore
    arg [-export-dynamic] ==> ignore
    arg [-dynamic-linker] ==> ignore
    arg [/lib64/ld-linux-x86-64.so.2] ==> ignore
    arg [-o] ==> ignore
    arg [cmTryCompileExec136523565] ==> ignore
    arg [/usr/lib/gcc/x86_64-redhat-linux/4.7.2/../../../../lib64/crt1.o] ==> ignore
    arg [/usr/lib/gcc/x86_64-redhat-linux/4.7.2/../../../../lib64/crti.o] ==> ignore
    arg [/usr/lib/gcc/x86_64-redhat-linux/4.7.2/crtbegin.o] ==> ignore
    arg [-L/usr/lib/gcc/x86_64-redhat-linux/4.7.2] ==> dir [/usr/lib/gcc/x86_64-redhat-linux/4.7.2]
    arg [-L/usr/lib/gcc/x86_64-redhat-linux/4.7.2/../../../../lib64] ==> dir [/usr/lib/gcc/x86_64-redhat-linux/4.7.2/../../../../lib64]
    arg [-L/lib/../lib64] ==> dir [/lib/../lib64]
    arg [-L/usr/lib/../lib64] ==> dir [/usr/lib/../lib64]
    arg [-L/opt/intel/composer_xe_2013.2.146/compiler/lib/intel64] ==> dir [/opt/intel/composer_xe_2013.2.146/compiler/lib/intel64]
    arg [-L/opt/intel/composer_xe_2013.2.146/ipp/../compiler/lib/intel64] ==> dir [/opt/intel/composer_xe_2013.2.146/ipp/../compiler/lib/intel64]
    arg [-L/opt/intel/composer_xe_2013.2.146/ipp/lib/intel64] ==> dir [/opt/intel/composer_xe_2013.2.146/ipp/lib/intel64]
    arg [-L/opt/intel/composer_xe_2013.2.146/compiler/lib/intel64] ==> dir [/opt/intel/composer_xe_2013.2.146/compiler/lib/intel64]
    arg [-L/opt/intel/composer_xe_2013.2.146/mkl/lib/intel64] ==> dir [/opt/intel/composer_xe_2013.2.146/mkl/lib/intel64]
    arg [-L/opt/intel/composer_xe_2013.2.146/tbb/lib/intel64] ==> dir [/opt/intel/composer_xe_2013.2.146/tbb/lib/intel64]
    arg [-L/usr/lib/gcc/x86_64-redhat-linux/4.7.2/../../..] ==> dir [/usr/lib/gcc/x86_64-redhat-linux/4.7.2/../../..]
    arg [CMakeFiles/cmTryCompileExec136523565.dir/CMakeCXXCompilerABI.cpp.o] ==> ignore
    arg [-lstdc++] ==> lib [stdc++]
    arg [-lm] ==> lib [m]
    arg [-lgcc_s] ==> lib [gcc_s]
    arg [-lgcc] ==> lib [gcc]
    arg [-lc] ==> lib [c]
    arg [-lgcc_s] ==> lib [gcc_s]
    arg [-lgcc] ==> lib [gcc]
    arg [/usr/lib/gcc/x86_64-redhat-linux/4.7.2/crtend.o] ==> ignore
    arg [/usr/lib/gcc/x86_64-redhat-linux/4.7.2/../../../../lib64/crtn.o] ==> ignore
  remove lib [gcc_s]
  remove lib [gcc]
  remove lib [gcc_s]
  remove lib [gcc]
  collapse library dir [/usr/lib/gcc/x86_64-redhat-linux/4.7.2] ==> [/usr/lib/gcc/x86_64-redhat-linux/4.7.2]
  collapse library dir [/usr/lib/gcc/x86_64-redhat-linux/4.7.2/../../../../lib64] ==> [/usr/lib64]
  collapse library dir [/lib/../lib64] ==> [/lib64]
  collapse library dir [/usr/lib/../lib64] ==> [/usr/lib64]
  collapse library dir [/opt/intel/composer_xe_2013.2.146/compiler/lib/intel64] ==> [/opt/intel/composer_xe_2013.2.146/compiler/lib/intel64]
  collapse library dir [/opt/intel/composer_xe_2013.2.146/ipp/../compiler/lib/intel64] ==> [/opt/intel/composer_xe_2013.2.146/compiler/lib/intel64]
  collapse library dir [/opt/intel/composer_xe_2013.2.146/ipp/lib/intel64] ==> [/opt/intel/composer_xe_2013.2.146/ipp/lib/intel64]
  collapse library dir [/opt/intel/composer_xe_2013.2.146/compiler/lib/intel64] ==> [/opt/intel/composer_xe_2013.2.146/compiler/lib/intel64]
  collapse library dir [/opt/intel/composer_xe_2013.2.146/mkl/lib/intel64] ==> [/opt/intel/composer_xe_2013.2.146/mkl/lib/intel64]
  collapse library dir [/opt/intel/composer_xe_2013.2.146/tbb/lib/intel64] ==> [/opt/intel/composer_xe_2013.2.146/tbb/lib/intel64]
  collapse library dir [/usr/lib/gcc/x86_64-redhat-linux/4.7.2/../../..] ==> [/usr/lib]
  implicit libs: [stdc++;m;c]
  implicit dirs: [/usr/lib/gcc/x86_64-redhat-linux/4.7.2;/usr/lib64;/lib64;/opt/intel/composer_xe_2013.2.146/compiler/lib/intel64;/opt/intel/composer_xe_2013.2.146/ipp/lib/intel64;/opt/intel/composer_xe_2013.2.146/mkl/lib/intel64;/opt/intel/composer_xe_2013.2.146/tbb/lib/intel64;/usr/lib]
  implicit fwks: []


Determining if the include file sys/types.h exists passed with the following output:
Change Dir: /home/romain/Dropbox/Perso/Mandelbrot_test/build/CMakeFiles/CMakeTmp

Run Build Command:/usr/bin/gmake "cmTryCompileExec1209152936/fast"
/usr/bin/gmake -f CMakeFiles/cmTryCompileExec1209152936.dir/build.make CMakeFiles/cmTryCompileExec1209152936.dir/build
gmake[1]: Entering directory `/home/romain/Dropbox/Perso/Mandelbrot_test/build/CMakeFiles/CMakeTmp'
/usr/bin/cmake -E cmake_progress_report /home/romain/Dropbox/Perso/Mandelbrot_test/build/CMakeFiles/CMakeTmp/CMakeFiles 1
Building C object CMakeFiles/cmTryCompileExec1209152936.dir/CheckIncludeFile.c.o
/usr/bin/gcc    -o CMakeFiles/cmTryCompileExec1209152936.dir/CheckIncludeFile.c.o   -c /home/romain/Dropbox/Perso/Mandelbrot_test/build/CMakeFiles/CMakeTmp/CheckIncludeFile.c
Linking C executable cmTryCompileExec1209152936
/usr/bin/cmake -E cmake_link_script CMakeFiles/cmTryCompileExec1209152936.dir/link.txt --verbose=1
/usr/bin/gcc         CMakeFiles/cmTryCompileExec1209152936.dir/CheckIncludeFile.c.o  -o cmTryCompileExec1209152936 -rdynamic 
gmake[1]: Leaving directory `/home/romain/Dropbox/Perso/Mandelbrot_test/build/CMakeFiles/CMakeTmp'


Determining if the include file stdint.h exists passed with the following output:
Change Dir: /home/romain/Dropbox/Perso/Mandelbrot_test/build/CMakeFiles/CMakeTmp

Run Build Command:/usr/bin/gmake "cmTryCompileExec3611033542/fast"
/usr/bin/gmake -f CMakeFiles/cmTryCompileExec3611033542.dir/build.make CMakeFiles/cmTryCompileExec3611033542.dir/build
gmake[1]: Entering directory `/home/romain/Dropbox/Perso/Mandelbrot_test/build/CMakeFiles/CMakeTmp'
/usr/bin/cmake -E cmake_progress_report /home/romain/Dropbox/Perso/Mandelbrot_test/build/CMakeFiles/CMakeTmp/CMakeFiles 1
Building C object CMakeFiles/cmTryCompileExec3611033542.dir/CheckIncludeFile.c.o
/usr/bin/gcc    -o CMakeFiles/cmTryCompileExec3611033542.dir/CheckIncludeFile.c.o   -c /home/romain/Dropbox/Perso/Mandelbrot_test/build/CMakeFiles/CMakeTmp/CheckIncludeFile.c
Linking C executable cmTryCompileExec3611033542
/usr/bin/cmake -E cmake_link_script CMakeFiles/cmTryCompileExec3611033542.dir/link.txt --verbose=1
/usr/bin/gcc         CMakeFiles/cmTryCompileExec3611033542.dir/CheckIncludeFile.c.o  -o cmTryCompileExec3611033542 -rdynamic 
gmake[1]: Leaving directory `/home/romain/Dropbox/Perso/Mandelbrot_test/build/CMakeFiles/CMakeTmp'


Determining if the include file stddef.h exists passed with the following output:
Change Dir: /home/romain/Dropbox/Perso/Mandelbrot_test/build/CMakeFiles/CMakeTmp

Run Build Command:/usr/bin/gmake "cmTryCompileExec2540054568/fast"
/usr/bin/gmake -f CMakeFiles/cmTryCompileExec2540054568.dir/build.make CMakeFiles/cmTryCompileExec2540054568.dir/build
gmake[1]: Entering directory `/home/romain/Dropbox/Perso/Mandelbrot_test/build/CMakeFiles/CMakeTmp'
/usr/bin/cmake -E cmake_progress_report /home/romain/Dropbox/Perso/Mandelbrot_test/build/CMakeFiles/CMakeTmp/CMakeFiles 1
Building C object CMakeFiles/cmTryCompileExec2540054568.dir/CheckIncludeFile.c.o
/usr/bin/gcc    -o CMakeFiles/cmTryCompileExec2540054568.dir/CheckIncludeFile.c.o   -c /home/romain/Dropbox/Perso/Mandelbrot_test/build/CMakeFiles/CMakeTmp/CheckIncludeFile.c
Linking C executable cmTryCompileExec2540054568
/usr/bin/cmake -E cmake_link_script CMakeFiles/cmTryCompileExec2540054568.dir/link.txt --verbose=1
/usr/bin/gcc         CMakeFiles/cmTryCompileExec2540054568.dir/CheckIncludeFile.c.o  -o cmTryCompileExec2540054568 -rdynamic 
gmake[1]: Leaving directory `/home/romain/Dropbox/Perso/Mandelbrot_test/build/CMakeFiles/CMakeTmp'


Determining size of unsigned short passed with the following output:
Change Dir: /home/romain/Dropbox/Perso/Mandelbrot_test/build/CMakeFiles/CMakeTmp

Run Build Command:/usr/bin/gmake "cmTryCompileExec1548433919/fast"
/usr/bin/gmake -f CMakeFiles/cmTryCompileExec1548433919.dir/build.make CMakeFiles/cmTryCompileExec1548433919.dir/build
gmake[1]: Entering directory `/home/romain/Dropbox/Perso/Mandelbrot_test/build/CMakeFiles/CMakeTmp'
/usr/bin/cmake -E cmake_progress_report /home/romain/Dropbox/Perso/Mandelbrot_test/build/CMakeFiles/CMakeTmp/CMakeFiles 1
Building C object CMakeFiles/cmTryCompileExec1548433919.dir/CMAKE_SIZEOF_UNSIGNED_SHORT.c.o
/usr/bin/gcc    -o CMakeFiles/cmTryCompileExec1548433919.dir/CMAKE_SIZEOF_UNSIGNED_SHORT.c.o   -c /home/romain/Dropbox/Perso/Mandelbrot_test/build/CMakeFiles/CheckTypeSize/CMAKE_SIZEOF_UNSIGNED_SHORT.c
Linking C executable cmTryCompileExec1548433919
/usr/bin/cmake -E cmake_link_script CMakeFiles/cmTryCompileExec1548433919.dir/link.txt --verbose=1
/usr/bin/gcc         CMakeFiles/cmTryCompileExec1548433919.dir/CMAKE_SIZEOF_UNSIGNED_SHORT.c.o  -o cmTryCompileExec1548433919 -rdynamic 
gmake[1]: Leaving directory `/home/romain/Dropbox/Perso/Mandelbrot_test/build/CMakeFiles/CMakeTmp'


